<component name="libraryTable">
  <library name="junit4">
    <CLASSES>
      <root url="file://$USER_HOME$/Downloads/junit4.jar" />
    </CLASSES>
    <JAVADOC />
    <SOURCES />
    <jarDirectory url="file://$USER_HOME$/Downloads/junit4.jar" recursive="false" />
  </library>
</component>